<?xml version="1.0" encoding="UTF-8"?>
<!-- Generated by org.testng.reporters.JUnitXMLReporter -->
<testsuite hostname="DESKTOP-883A6I9" ignored="0" name="test1" tests="1" failures="0" timestamp="07 May 2018 08:49:56 GMT" time="0.049" errors="0">
  <testcase name="@BeforeTest setup" time="0.022" classname="commons.TestBase">
    <failure type="java.lang.NullPointerException">
      <![CDATA[java.lang.NullPointerException
at java.util.Properties$LineReader.readLine(Properties.java:434)
at java.util.Properties.load0(Properties.java:353)
at java.util.Properties.load(Properties.java:341)
at commons.TestBase.getTestDataPropertiesFile(TestBase.java:50)
at commons.TestBase.setup(TestBase.java:24)
... Removed 28 stack frames]]>
    </failure>
  </testcase> <!-- @BeforeTest setup -->
  <testcase name="@AfterTest tearDown" time="0.0" classname="commons.TestBase">
    <skipped/>
  </testcase> <!-- @AfterTest tearDown -->
  <testcase name="test1" time="0.0" classname="testcases.SampleTests">
    <skipped/>
  </testcase> <!-- test1 -->
</testsuite> <!-- test1 -->
