<?xml version="1.0" encoding="UTF-8"?>
<testng-results skipped="0" failed="0" ignored="0" total="1" passed="1">
  <reporter-output>
  </reporter-output>
  <suite name="Suite1" duration-ms="19639" started-at="2018-06-19T13:09:44Z" finished-at="2018-06-19T13:10:03Z">
    <groups>
    </groups>
    <test name="test1" duration-ms="19639" started-at="2018-06-19T13:09:44Z" finished-at="2018-06-19T13:10:03Z">
      <class name="testcases.SampleTests">
        <test-method status="PASS" signature="setup(java.lang.String)[pri:0, instance:testcases.SampleTests@1624da6]" name="setup" is-config="true" duration-ms="16376" started-at="2018-06-19T13:09:44Z" finished-at="2018-06-19T13:10:00Z">
          <params>
            <param index="0">
              <value>
                <![CDATA[chrome]]>
              </value>
            </param>
          </params>
          <reporter-output>
          </reporter-output>
        </test-method> <!-- setup -->
        <test-method status="PASS" signature="test1()[pri:0, instance:testcases.SampleTests@1624da6]" name="test1" duration-ms="2279" started-at="2018-06-19T13:10:00Z" finished-at="2018-06-19T13:10:02Z">
          <reporter-output>
          </reporter-output>
        </test-method> <!-- test1 -->
        <test-method status="PASS" signature="tearDown()[pri:0, instance:testcases.SampleTests@1624da6]" name="tearDown" is-config="true" duration-ms="963" started-at="2018-06-19T13:10:02Z" finished-at="2018-06-19T13:10:03Z">
          <reporter-output>
          </reporter-output>
        </test-method> <!-- tearDown -->
      </class> <!-- testcases.SampleTests -->
    </test> <!-- test1 -->
  </suite> <!-- Suite1 -->
</testng-results>
