<?xml version="1.0" encoding="UTF-8"?>
<testng-results skipped="0" failed="0" ignored="0" total="0" passed="0">
  <reporter-output>
  </reporter-output>
  <suite name="Suite1" duration-ms="40" started-at="2018-04-14T13:28:12Z" finished-at="2018-04-14T13:28:13Z">
    <groups>
    </groups>
    <test name="test1" duration-ms="4" started-at="2018-04-14T13:28:12Z" finished-at="2018-04-14T13:28:12Z">
    </test> <!-- test1 -->
    <test name="test2" duration-ms="0" started-at="2018-04-14T13:28:13Z" finished-at="2018-04-14T13:28:13Z">
    </test> <!-- test2 -->
  </suite> <!-- Suite1 -->
</testng-results>
